1599820058527	geckodriver	INFO	Listening on 127.0.0.1:48929
1599820058532	mozrunner::runner	INFO	Running command: "/usr/bin/firefox" "--marionette" "-foreground" "-no-remote" "-profile" "/tmp/rust_mozprofileW2K77Z"
console.error: SearchCache: "_readCacheFile: Error reading cache file:" (new Error("", "(unknown module)"))
1599820060731	Marionette	INFO	Listening on port 37593
1599820060756	Marionette	WARN	TLS certificate errors will be ignored for this session
JavaScript error: resource://gre/modules/URIFixup.jsm, line 271: NS_ERROR_FAILURE: Should pass a non-null uri
console.error: Region.jsm: "Error fetching region" (new AbortError("The operation was aborted. ", (void 0), 689))
console.error: Region.jsm: "Failed to fetch region" (new Error("NO_RESULT", "resource://gre/modules/Region.jsm", 343))
1599820066120	Marionette	INFO	Stopped listening on port 37593
1599820118432	geckodriver	INFO	Listening on 127.0.0.1:44321
1599820118439	mozrunner::runner	INFO	Running command: "/usr/bin/firefox" "--marionette" "-foreground" "-no-remote" "-profile" "/tmp/rust_mozprofileZlq5v9"
console.error: SearchCache: "_readCacheFile: Error reading cache file:" (new Error("", "(unknown module)"))
1599820120580	Marionette	INFO	Listening on port 39955
1599820120649	Marionette	WARN	TLS certificate errors will be ignored for this session
JavaScript error: resource://gre/modules/URIFixup.jsm, line 271: NS_ERROR_FAILURE: Should pass a non-null uri
1599820126747	Marionette	INFO	Stopped listening on port 39955
1599820891884	geckodriver	INFO	Listening on 127.0.0.1:42087
1599820891890	mozrunner::runner	INFO	Running command: "/usr/bin/firefox" "--marionette" "-foreground" "-no-remote" "-profile" "/tmp/rust_mozprofilehfCWXe"
console.error: SearchCache: "_readCacheFile: Error reading cache file:" (new Error("", "(unknown module)"))
1599820894297	Marionette	INFO	Listening on port 40253
1599820894398	Marionette	WARN	TLS certificate errors will be ignored for this session
JavaScript error: resource://gre/modules/URIFixup.jsm, line 271: NS_ERROR_FAILURE: Should pass a non-null uri
1599820899932	Marionette	INFO	Stopped listening on port 40253
1599820910567	geckodriver	INFO	Listening on 127.0.0.1:48889
1599820910572	mozrunner::runner	INFO	Running command: "/usr/bin/firefox" "--marionette" "-foreground" "-no-remote" "-profile" "/tmp/rust_mozprofileXY3sMP"
console.error: SearchCache: "_readCacheFile: Error reading cache file:" (new Error("", "(unknown module)"))
1599820913080	Marionette	INFO	Listening on port 45243
1599820913180	Marionette	WARN	TLS certificate errors will be ignored for this session
JavaScript error: resource://gre/modules/URIFixup.jsm, line 271: NS_ERROR_FAILURE: Should pass a non-null uri
1599820923857	Marionette	INFO	Stopped listening on port 45243
1599822852086	geckodriver	INFO	Listening on 127.0.0.1:42825
1599822852094	mozrunner::runner	INFO	Running command: "/usr/bin/firefox" "--marionette" "-foreground" "-no-remote" "-profile" "/tmp/rust_mozprofilevvqz8c"
console.error: SearchCache: "_readCacheFile: Error reading cache file:" (new Error("", "(unknown module)"))
1599822854625	Marionette	INFO	Listening on port 34707
1599822854710	Marionette	WARN	TLS certificate errors will be ignored for this session
JavaScript error: resource://gre/modules/URIFixup.jsm, line 271: NS_ERROR_FAILURE: Should pass a non-null uri
1599822864552	Marionette	INFO	Stopped listening on port 34707
1599822962788	geckodriver	INFO	Listening on 127.0.0.1:47051
1599822962793	mozrunner::runner	INFO	Running command: "/usr/bin/firefox" "--marionette" "-foreground" "-no-remote" "-profile" "/tmp/rust_mozprofile3VPwbV"
console.error: SearchCache: "_readCacheFile: Error reading cache file:" (new Error("", "(unknown module)"))
1599822965155	Marionette	INFO	Listening on port 44593
1599822965200	Marionette	WARN	TLS certificate errors will be ignored for this session
JavaScript error: resource://gre/modules/URIFixup.jsm, line 271: NS_ERROR_FAILURE: Should pass a non-null uri
1599822975380	Marionette	INFO	Stopped listening on port 44593
1599823429990	geckodriver	INFO	Listening on 127.0.0.1:33071
1599823429995	mozrunner::runner	INFO	Running command: "/usr/bin/firefox" "--marionette" "-foreground" "-no-remote" "-profile" "/tmp/rust_mozprofilexIYyPQ"
console.error: SearchCache: "_readCacheFile: Error reading cache file:" (new Error("", "(unknown module)"))
1599823432463	Marionette	INFO	Listening on port 35165
1599823432505	Marionette	WARN	TLS certificate errors will be ignored for this session
JavaScript error: resource://gre/modules/URIFixup.jsm, line 271: NS_ERROR_FAILURE: Should pass a non-null uri
1599823437042	Marionette	INFO	Stopped listening on port 35165
1599823460965	geckodriver	INFO	Listening on 127.0.0.1:57367
1599823460971	mozrunner::runner	INFO	Running command: "/usr/bin/firefox" "--marionette" "-foreground" "-no-remote" "-profile" "/tmp/rust_mozprofiletQrka0"
console.error: SearchCache: "_readCacheFile: Error reading cache file:" (new Error("", "(unknown module)"))
1599823463371	Marionette	INFO	Listening on port 43071
1599823463380	Marionette	WARN	TLS certificate errors will be ignored for this session
JavaScript error: resource://gre/modules/URIFixup.jsm, line 271: NS_ERROR_FAILURE: Should pass a non-null uri
1599823467964	Marionette	INFO	Stopped listening on port 43071
1599823518428	geckodriver	INFO	Listening on 127.0.0.1:48081
1599823518433	mozrunner::runner	INFO	Running command: "/usr/bin/firefox" "--marionette" "-foreground" "-no-remote" "-profile" "/tmp/rust_mozprofileYs0d0o"
console.error: SearchCache: "_readCacheFile: Error reading cache file:" (new Error("", "(unknown module)"))
1599823520811	Marionette	INFO	Listening on port 34555
1599823520862	Marionette	WARN	TLS certificate errors will be ignored for this session
JavaScript error: resource://gre/modules/URIFixup.jsm, line 271: NS_ERROR_FAILURE: Should pass a non-null uri
JavaScript error: https://vpc-engg.wanclouds.net/static/js/2.0f471440.chunk.js, line 1: Error: Request failed with status code 401
1599823531137	Marionette	INFO	Stopped listening on port 34555
1599823604069	geckodriver	INFO	Listening on 127.0.0.1:41813
1599823604076	mozrunner::runner	INFO	Running command: "/usr/bin/firefox" "--marionette" "-foreground" "-no-remote" "-profile" "/tmp/rust_mozprofileXOL17r"
console.error: SearchCache: "_readCacheFile: Error reading cache file:" (new Error("", "(unknown module)"))
1599823606290	Marionette	INFO	Listening on port 44801
1599823606399	Marionette	WARN	TLS certificate errors will be ignored for this session
JavaScript error: resource://gre/modules/URIFixup.jsm, line 271: NS_ERROR_FAILURE: Should pass a non-null uri
JavaScript error: https://vpc-engg.wanclouds.net/static/js/2.0f471440.chunk.js, line 1: Error: Request failed with status code 401
1599823616838	Marionette	INFO	Stopped listening on port 44801
1599823636550	geckodriver	INFO	Listening on 127.0.0.1:43637
1599823636555	mozrunner::runner	INFO	Running command: "/usr/bin/firefox" "--marionette" "-foreground" "-no-remote" "-profile" "/tmp/rust_mozprofileeghlqA"
console.error: SearchCache: "_readCacheFile: Error reading cache file:" (new Error("", "(unknown module)"))
1599823638548	Marionette	INFO	Listening on port 43661
1599823638595	Marionette	WARN	TLS certificate errors will be ignored for this session
JavaScript error: resource://gre/modules/URIFixup.jsm, line 271: NS_ERROR_FAILURE: Should pass a non-null uri
JavaScript error: https://vpc-engg.wanclouds.net/static/js/2.0f471440.chunk.js, line 1: Error: Request failed with status code 401
1599823653107	Marionette	INFO	Stopped listening on port 43661
1599824399720	geckodriver	INFO	Listening on 127.0.0.1:46539
1599824399725	mozrunner::runner	INFO	Running command: "/usr/bin/firefox" "--marionette" "-foreground" "-no-remote" "-profile" "/tmp/rust_mozprofile0zuClF"
console.error: SearchCache: "_readCacheFile: Error reading cache file:" (new Error("", "(unknown module)"))
1599824402157	Marionette	INFO	Listening on port 38881
1599824402240	Marionette	WARN	TLS certificate errors will be ignored for this session
JavaScript error: resource://gre/modules/URIFixup.jsm, line 271: NS_ERROR_FAILURE: Should pass a non-null uri
JavaScript error: https://vpc-engg.wanclouds.net/static/js/2.0f471440.chunk.js, line 1: Error: Request failed with status code 401
1599824412403	Marionette	INFO	Stopped listening on port 38881
console.error: "Exception while opening the toolbox" "Error: Connection closed, pending request to server0.conn0.child2/frameTarget1, type reconfigure failed\n\nRequest stack:\nrequest@resource://devtools/shared/protocol/Front.js:256:14\ngenerateRequestMethods/</frontProto[name]@resource://devtools/shared/protocol/Front/FrontClassWithSpec.js:47:19\nreconfigure@resource://devtools/client/fronts/targets/browsing-context.js:107:34\nopen/<@resource://devtools/client/framework/toolbox.js:967:27\n" (new Error("Connection closed, pending request to server0.conn0.child2/frameTarget1, type reconfigure failed\n\nRequest stack:\nrequest@resource://devtools/shared/protocol/Front.js:256:14\ngenerateRequestMethods/</frontProto[name]@resource://devtools/shared/protocol/Front/FrontClassWithSpec.js:47:19\nreconfigure@resource://devtools/client/fronts/targets/browsing-context.js:107:34\nopen/<@resource://devtools/client/framework/toolbox.js:967:27\n", "resource://devtools/shared/protocol/Front.js", 77))
destroy@resource://devtools/shared/protocol/Front.js:77:23
_destroyTarget@resource://devtools/client/fronts/targets/target-mixin.js:600:13

JavaScript error: resource://devtools/shared/DevToolsUtils.js, line 948: TypeError: win is null
console.error: "stylesheets actor: fetch failed for https://vpc-engg.wanclouds.net/static/css/2.92a2230a.chunk.css, using system principal instead."

###!!! [Child][MessageChannel] Error: (msgtype=0x5B000D,name=PHttpChannel::Msg_DeletingChannel) Channel closing: too late to send/recv, messages will be lost

console.error: "Error while calling actor 'pagestyle's method 'getApplied'" "InspectorUtils.hasRulesModifiedByCSSOM: Argument 1 does not implement interface CSSStyleSheet."
console.error: "hasRulesModifiedByCSSOM@resource://devtools/server/actors/stylesheets.js:362:27\nget canSetRuleText@resource://devtools/server/actors/styles.js:1459:26\ngetAuthoredCssText@resource://devtools/server/actors/styles.js:1817:9\ngetApplied@resource://devtools/server/actors/styles.js:604:18\n"
1599824439940	geckodriver	INFO	Listening on 127.0.0.1:52893
1599824439945	mozrunner::runner	INFO	Running command: "/usr/bin/firefox" "--marionette" "-foreground" "-no-remote" "-profile" "/tmp/rust_mozprofilenokeIm"
console.error: SearchCache: "_readCacheFile: Error reading cache file:" (new Error("", "(unknown module)"))
1599824442318	Marionette	INFO	Listening on port 38749
1599824442354	Marionette	WARN	TLS certificate errors will be ignored for this session
JavaScript error: resource://gre/modules/URIFixup.jsm, line 271: NS_ERROR_FAILURE: Should pass a non-null uri
JavaScript error: https://vpc-engg.wanclouds.net/static/js/2.0f471440.chunk.js, line 1: Error: Request failed with status code 401
1599824452844	Marionette	INFO	Stopped listening on port 38749
1599825961748	geckodriver	INFO	Listening on 127.0.0.1:44897
1599825961753	mozrunner::runner	INFO	Running command: "/usr/bin/firefox" "--marionette" "-foreground" "-no-remote" "-profile" "/tmp/rust_mozprofileQDOc5s"
console.error: SearchCache: "_readCacheFile: Error reading cache file:" (new Error("", "(unknown module)"))
1599825964016	Marionette	INFO	Listening on port 38537
1599825964060	Marionette	WARN	TLS certificate errors will be ignored for this session
JavaScript error: resource://gre/modules/URIFixup.jsm, line 271: NS_ERROR_FAILURE: Should pass a non-null uri
1599825970579	Marionette	INFO	Stopped listening on port 38537
